# JRE version: Java(TM) SE Runtime Environment (8.0_60-b27) (build 1.8.0_60-b27)
# Java VM: Java HotSpot(TM) Client VM (25.60-b23 mixed mode, sharing windows-x86 )
Heap:
 def new generation   total 4992K, used 1492K [0x04800000, 0x04d60000, 0x09d50000)
  eden space 4480K,  33% used [0x04800000, 0x04975168, 0x04c60000)
  from space 512K,   0% used [0x04c60000, 0x04c60000, 0x04ce0000)
  to   space 512K,   0% used [0x04ce0000, 0x04ce0000, 0x04d60000)
 tenured generation   total 10948K, used 6541K [0x09d50000, 0x0a801000, 0x14800000)
   the space 10948K,  59% used [0x09d50000, 0x0a3b3668, 0x0a3b3800, 0x0a801000)
 Metaspace       used 1039K, capacity 2855K, committed 2880K, reserved 4480K
GC Heap History (10 events):
Event: 8.949 GC heap before
{Heap before GC invocations=65 (full 14):
 def new generation   total 4992K, used 3391K [0x04800000, 0x04d60000, 0x09d50000)
  eden space 4480K,  75% used [0x04800000, 0x04b4ee38, 0x04c60000)
  from space 512K,   0% used [0x04ce0000, 0x04ce0f00, 0x04d60000)
  to   space 512K,   0% used [0x04c60000, 0x04c60000, 0x04ce0000)
 tenured generation   total 10948K, used 9840K [0x09d50000, 0x0a801000, 0x14800000)
   the space 10948K,  89% used [0x09d50000, 0x0a6ec328, 0x0a6ec400, 0x0a801000)
 Metaspace       used 1016K, capacity 2823K, committed 2880K, reserved 4480K
Event: 8.957 GC heap after
Heap after GC invocations=66 (full 15):
 def new generation   total 4992K, used 0K [0x04800000, 0x04d60000, 0x09d50000)
  eden space 4480K,   0% used [0x04800000, 0x04800000, 0x04c60000)
  from space 512K,   0% used [0x04c60000, 0x04c60000, 0x04ce0000)
  to   space 512K,   0% used [0x04ce0000, 0x04ce0000, 0x04d60000)
 tenured generation   total 10948K, used 6540K [0x09d50000, 0x0a801000, 0x14800000)
   the space 10948K,  59% used [0x09d50000, 0x0a3b3378, 0x0a3b3400, 0x0a801000)
 Metaspace       used 1016K, capacity 2823K, committed 2880K, reserved 4480K
}
Event: 8.989 GC heap before
{Heap before GC invocations=66 (full 15):
 def new generation   total 4992K, used 3391K [0x04800000, 0x04d60000, 0x09d50000)
  eden space 4480K,  75% used [0x04800000, 0x04b4ff70, 0x04c60000)
  from space 512K,   0% used [0x04c60000, 0x04c60000, 0x04ce0000)
  to   space 512K,   0% used [0x04ce0000, 0x04ce0000, 0x04d60000)
 tenured generation   total 10948K, used 6540K [0x09d50000, 0x0a801000, 0x14800000)
   the space 10948K,  59% used [0x09d50000, 0x0a3b3378, 0x0a3b3400, 0x0a801000)
 Metaspace       used 1016K, capacity 2823K, committed 2880K, reserved 4480K
Event: 8.990 GC heap after
Heap after GC invocations=67 (full 15):
 def new generation   total 4992K, used 5K [0x04800000, 0x04d60000, 0x09d50000)
  eden space 4480K,   0% used [0x04800000, 0x04800000, 0x04c60000)
  from space 512K,   1% used [0x04ce0000, 0x04ce1518, 0x04d60000)
  to   space 512K,   0% used [0x04c60000, 0x04c60000, 0x04ce0000)
 tenured generation   total 10948K, used 8940K [0x09d50000, 0x0a801000, 0x14800000)
   the space 10948K,  81% used [0x09d50000, 0x0a60b398, 0x0a60b400, 0x0a801000)
 Metaspace       used 1016K, capacity 2823K, committed 2880K, reserved 4480K
}
Event: 9.014 GC heap before
{Heap before GC invocations=67 (full 15):
 def new generation   total 4992K, used 3397K [0x04800000, 0x04d60000, 0x09d50000)
  eden space 4480K,  75% used [0x04800000, 0x04b4ffa8, 0x04c60000)
  from space 512K,   1% used [0x04ce0000, 0x04ce1518, 0x04d60000)
  to   space 512K,   0% used [0x04c60000, 0x04c60000, 0x04ce0000)
 tenured generation   total 10948K, used 8940K [0x09d50000, 0x0a801000, 0x14800000)
   the space 10948K,  81% used [0x09d50000, 0x0a60b398, 0x0a60b400, 0x0a801000)
 Metaspace       used 1017K, capacity 2823K, committed 2880K, reserved 4480K
Event: 9.015 GC heap after
Heap after GC invocations=68 (full 15):
 def new generation   total 4992K, used 2K [0x04800000, 0x04d60000, 0x09d50000)
  eden space 4480K,   0% used [0x04800000, 0x04800000, 0x04c60000)
  from space 512K,   0% used [0x04c60000, 0x04c60be0, 0x04ce0000)
  to   space 512K,   0% used [0x04ce0000, 0x04ce0000, 0x04d60000)
 tenured generation   total 10948K, used 9840K [0x09d50000, 0x0a801000, 0x14800000)
   the space 10948K,  89% used [0x09d50000, 0x0a6ec3a8, 0x0a6ec400, 0x0a801000)
 Metaspace       used 1017K, capacity 2823K, committed 2880K, reserved 4480K
}
Event: 9.054 GC heap before
{Heap before GC invocations=68 (full 15):
 def new generation   total 4992K, used 3692K [0x04800000, 0x04d60000, 0x09d50000)
  eden space 4480K,  82% used [0x04800000, 0x04b9a6a8, 0x04c60000)
  from space 512K,   0% used [0x04c60000, 0x04c60be0, 0x04ce0000)
  to   space 512K,   0% used [0x04ce0000, 0x04ce0000, 0x04d60000)
 tenured generation   total 10948K, used 9840K [0x09d50000, 0x0a801000, 0x14800000)
   the space 10948K,  89% used [0x09d50000, 0x0a6ec3a8, 0x0a6ec400, 0x0a801000)
 Metaspace       used 1017K, capacity 2823K, committed 2880K, reserved 4480K
Event: 9.054 GC heap after
Heap after GC invocations=69 (full 15):
 def new generation   total 4992K, used 4K [0x04800000, 0x04d60000, 0x09d50000)
  eden space 4480K,   0% used [0x04800000, 0x04800000, 0x04c60000)
  from space 512K,   0% used [0x04ce0000, 0x04ce1018, 0x04d60000)
  to   space 512K,   0% used [0x04c60000, 0x04c60000, 0x04ce0000)
 tenured generation   total 10948K, used 9840K [0x09d50000, 0x0a801000, 0x14800000)
   the space 10948K,  89% used [0x09d50000, 0x0a6ec3a8, 0x0a6ec400, 0x0a801000)
 Metaspace       used 1017K, capacity 2823K, committed 2880K, reserved 4480K
}
Event: 9.072 GC heap before
{Heap before GC invocations=69 (full 15):
 def new generation   total 4992K, used 3393K [0x04800000, 0x04d60000, 0x09d50000)
  eden space 4480K,  75% used [0x04800000, 0x04b4f6e8, 0x04c60000)
  from space 512K,   0% used [0x04ce0000, 0x04ce1018, 0x04d60000)
  to   space 512K,   0% used [0x04c60000, 0x04c60000, 0x04ce0000)
 tenured generation   total 10948K, used 9840K [0x09d50000, 0x0a801000, 0x14800000)
   the space 10948K,  89% used [0x09d50000, 0x0a6ec3a8, 0x0a6ec400, 0x0a801000)
 Metaspace       used 1017K, capacity 2823K, committed 2880K, reserved 4480K
Event: 9.080 GC heap after
Heap after GC invocations=70 (full 16):
 def new generation   total 4992K, used 0K [0x04800000, 0x04d60000, 0x09d50000)
  eden space 4480K,   0% used [0x04800000, 0x04800000, 0x04c60000)
  from space 512K,   0% used [0x04c60000, 0x04c60000, 0x04ce0000)
  to   space 512K,   0% used [0x04ce0000, 0x04ce0000, 0x04d60000)
 tenured generation   total 10948K, used 6541K [0x09d50000, 0x0a801000, 0x14800000)
   the space 10948K,  59% used [0x09d50000, 0x0a3b3668, 0x0a3b3800, 0x0a801000)
 Metaspace       used 1017K, capacity 2823K, committed 2880K, reserved 4480K
}

