# JRE version: Java(TM) SE Runtime Environment (8.0_60-b27) (build 1.8.0_60-b27)
# Java VM: Java HotSpot(TM) Client VM (25.60-b23 mixed mode, sharing windows-x86 )
Heap:
 def new generation   total 4928K, used 3030K [0x04800000, 0x04d50000, 0x09d50000)
  eden space 4416K,  57% used [0x04800000, 0x04a75b50, 0x04c50000)
  from space 512K, 100% used [0x04c50000, 0x04cd0000, 0x04cd0000)
  to   space 512K,   0% used [0x04cd0000, 0x04cd0000, 0x04d50000)
 tenured generation   total 10944K, used 9640K [0x09d50000, 0x0a800000, 0x14800000)
   the space 10944K,  88% used [0x09d50000, 0x0a6ba3e8, 0x0a6ba400, 0x0a800000)
 Metaspace       used 2834K, capacity 3982K, committed 4032K, reserved 4480K
GC Heap History (10 events):
Event: 19.160 GC heap before
{Heap before GC invocations=3 (full 0):
 def new generation   total 4928K, used 4928K [0x04800000, 0x04d50000, 0x09d50000)
  eden space 4416K, 100% used [0x04800000, 0x04c50000, 0x04c50000)
  from space 512K, 100% used [0x04cd0000, 0x04d50000, 0x04d50000)
  to   space 512K,   0% used [0x04c50000, 0x04c50000, 0x04cd0000)
 tenured generation   total 10944K, used 5049K [0x09d50000, 0x0a800000, 0x14800000)
   the space 10944K,  46% used [0x09d50000, 0x0a23e778, 0x0a23e800, 0x0a800000)
 Metaspace       used 2343K, capacity 3815K, committed 3904K, reserved 4480K
Event: 19.165 GC heap after
Heap after GC invocations=4 (full 0):
 def new generation   total 4928K, used 512K [0x04800000, 0x04d50000, 0x09d50000)
  eden space 4416K,   0% used [0x04800000, 0x04800000, 0x04c50000)
  from space 512K, 100% used [0x04c50000, 0x04cd0000, 0x04cd0000)
  to   space 512K,   0% used [0x04cd0000, 0x04cd0000, 0x04d50000)
 tenured generation   total 10944K, used 6184K [0x09d50000, 0x0a800000, 0x14800000)
   the space 10944K,  56% used [0x09d50000, 0x0a35a158, 0x0a35a200, 0x0a800000)
 Metaspace       used 2343K, capacity 3815K, committed 3904K, reserved 4480K
}
Event: 39.823 GC heap before
{Heap before GC invocations=4 (full 0):
 def new generation   total 4928K, used 4914K [0x04800000, 0x04d50000, 0x09d50000)
  eden space 4416K,  99% used [0x04800000, 0x04c4ca58, 0x04c50000)
  from space 512K, 100% used [0x04c50000, 0x04cd0000, 0x04cd0000)
  to   space 512K,   0% used [0x04cd0000, 0x04cd0000, 0x04d50000)
 tenured generation   total 10944K, used 6184K [0x09d50000, 0x0a800000, 0x14800000)
   the space 10944K,  56% used [0x09d50000, 0x0a35a158, 0x0a35a200, 0x0a800000)
 Metaspace       used 2584K, capacity 3977K, committed 4032K, reserved 4480K
Event: 39.830 GC heap after
Heap after GC invocations=5 (full 0):
 def new generation   total 4928K, used 512K [0x04800000, 0x04d50000, 0x09d50000)
  eden space 4416K,   0% used [0x04800000, 0x04800000, 0x04c50000)
  from space 512K, 100% used [0x04cd0000, 0x04d50000, 0x04d50000)
  to   space 512K,   0% used [0x04c50000, 0x04c50000, 0x04cd0000)
 tenured generation   total 10944K, used 7203K [0x09d50000, 0x0a800000, 0x14800000)
   the space 10944K,  65% used [0x09d50000, 0x0a458f40, 0x0a459000, 0x0a800000)
 Metaspace       used 2584K, capacity 3977K, committed 4032K, reserved 4480K
}
Event: 113.417 GC heap before
{Heap before GC invocations=5 (full 0):
 def new generation   total 4928K, used 4928K [0x04800000, 0x04d50000, 0x09d50000)
  eden space 4416K, 100% used [0x04800000, 0x04c50000, 0x04c50000)
  from space 512K, 100% used [0x04cd0000, 0x04d50000, 0x04d50000)
  to   space 512K,   0% used [0x04c50000, 0x04c50000, 0x04cd0000)
 tenured generation   total 10944K, used 7203K [0x09d50000, 0x0a800000, 0x14800000)
   the space 10944K,  65% used [0x09d50000, 0x0a458f40, 0x0a459000, 0x0a800000)
 Metaspace       used 2832K, capacity 3980K, committed 4032K, reserved 4480K
Event: 113.424 GC heap after
Heap after GC invocations=6 (full 0):
 def new generation   total 4928K, used 511K [0x04800000, 0x04d50000, 0x09d50000)
  eden space 4416K,   0% used [0x04800000, 0x04800000, 0x04c50000)
  from space 512K,  99% used [0x04c50000, 0x04ccfff8, 0x04cd0000)
  to   space 512K,   0% used [0x04cd0000, 0x04cd0000, 0x04d50000)
 tenured generation   total 10944K, used 8035K [0x09d50000, 0x0a800000, 0x14800000)
   the space 10944K,  73% used [0x09d50000, 0x0a528e90, 0x0a529000, 0x0a800000)
 Metaspace       used 2832K, capacity 3980K, committed 4032K, reserved 4480K
}
Event: 135.976 GC heap before
{Heap before GC invocations=6 (full 0):
 def new generation   total 4928K, used 4927K [0x04800000, 0x04d50000, 0x09d50000)
  eden space 4416K, 100% used [0x04800000, 0x04c50000, 0x04c50000)
  from space 512K,  99% used [0x04c50000, 0x04ccfff8, 0x04cd0000)
  to   space 512K,   0% used [0x04cd0000, 0x04cd0000, 0x04d50000)
 tenured generation   total 10944K, used 8035K [0x09d50000, 0x0a800000, 0x14800000)
   the space 10944K,  73% used [0x09d50000, 0x0a528e90, 0x0a529000, 0x0a800000)
 Metaspace       used 2832K, capacity 3980K, committed 4032K, reserved 4480K
Event: 135.979 GC heap after
Heap after GC invocations=7 (full 0):
 def new generation   total 4928K, used 511K [0x04800000, 0x04d50000, 0x09d50000)
  eden space 4416K,   0% used [0x04800000, 0x04800000, 0x04c50000)
  from space 512K,  99% used [0x04cd0000, 0x04d4fff8, 0x04d50000)
  to   space 512K,   0% used [0x04c50000, 0x04c50000, 0x04cd0000)
 tenured generation   total 10944K, used 8750K [0x09d50000, 0x0a800000, 0x14800000)
   the space 10944K,  79% used [0x09d50000, 0x0a5db898, 0x0a5dba00, 0x0a800000)
 Metaspace       used 2832K, capacity 3980K, committed 4032K, reserved 4480K
}
Event: 159.855 GC heap before
{Heap before GC invocations=7 (full 0):
 def new generation   total 4928K, used 4927K [0x04800000, 0x04d50000, 0x09d50000)
  eden space 4416K, 100% used [0x04800000, 0x04c50000, 0x04c50000)
  from space 512K,  99% used [0x04cd0000, 0x04d4fff8, 0x04d50000)
  to   space 512K,   0% used [0x04c50000, 0x04c50000, 0x04cd0000)
 tenured generation   total 10944K, used 8750K [0x09d50000, 0x0a800000, 0x14800000)
   the space 10944K,  79% used [0x09d50000, 0x0a5db898, 0x0a5dba00, 0x0a800000)
 Metaspace       used 2832K, capacity 3980K, committed 4032K, reserved 4480K
Event: 159.858 GC heap after
Heap after GC invocations=8 (full 0):
 def new generation   total 4928K, used 512K [0x04800000, 0x04d50000, 0x09d50000)
  eden space 4416K,   0% used [0x04800000, 0x04800000, 0x04c50000)
  from space 512K, 100% used [0x04c50000, 0x04cd0000, 0x04cd0000)
  to   space 512K,   0% used [0x04cd0000, 0x04cd0000, 0x04d50000)
 tenured generation   total 10944K, used 9640K [0x09d50000, 0x0a800000, 0x14800000)
   the space 10944K,  88% used [0x09d50000, 0x0a6ba3e8, 0x0a6ba400, 0x0a800000)
 Metaspace       used 2832K, capacity 3980K, committed 4032K, reserved 4480K
}

