# JRE version: Java(TM) SE Runtime Environment (8.0_60-b27) (build 1.8.0_60-b27)
# Java VM: Java HotSpot(TM) Client VM (25.60-b23 mixed mode, sharing windows-x86 )
Heap:
 def new generation   total 4992K, used 2686K [0x04800000, 0x04d60000, 0x09d50000)
  eden space 4480K,  59% used [0x04800000, 0x04a9e3c8, 0x04c60000)
  from space 512K,   1% used [0x04ce0000, 0x04ce1570, 0x04d60000)
  to   space 512K,   0% used [0x04c60000, 0x04c60000, 0x04ce0000)
 tenured generation   total 10972K, used 8956K [0x09d50000, 0x0a807000, 0x14800000)
   the space 10972K,  81% used [0x09d50000, 0x0a60f238, 0x0a60f400, 0x0a807000)
 Metaspace       used 1035K, capacity 2855K, committed 2880K, reserved 4480K
GC Heap History (10 events):
Event: 10.277 GC heap before
{Heap before GC invocations=30 (full 6):
 def new generation   total 4992K, used 3391K [0x04800000, 0x04d60000, 0x09d50000)
  eden space 4480K,  75% used [0x04800000, 0x04b4ff90, 0x04c60000)
  from space 512K,   0% used [0x04c60000, 0x04c60000, 0x04ce0000)
  to   space 512K,   0% used [0x04ce0000, 0x04ce0000, 0x04d60000)
 tenured generation   total 10972K, used 6556K [0x09d50000, 0x0a807000, 0x14800000)
   the space 10972K,  59% used [0x09d50000, 0x0a3b7318, 0x0a3b7400, 0x0a807000)
 Metaspace       used 1013K, capacity 2823K, committed 2880K, reserved 4480K
Event: 10.278 GC heap after
Heap after GC invocations=31 (full 6):
 def new generation   total 4992K, used 5K [0x04800000, 0x04d60000, 0x09d50000)
  eden space 4480K,   0% used [0x04800000, 0x04800000, 0x04c60000)
  from space 512K,   1% used [0x04ce0000, 0x04ce14d0, 0x04d60000)
  to   space 512K,   0% used [0x04c60000, 0x04c60000, 0x04ce0000)
 tenured generation   total 10972K, used 8956K [0x09d50000, 0x0a807000, 0x14800000)
   the space 10972K,  81% used [0x09d50000, 0x0a60f338, 0x0a60f400, 0x0a807000)
 Metaspace       used 1013K, capacity 2823K, committed 2880K, reserved 4480K
}
Event: 10.327 GC heap before
{Heap before GC invocations=31 (full 6):
 def new generation   total 4992K, used 3395K [0x04800000, 0x04d60000, 0x09d50000)
  eden space 4480K,  75% used [0x04800000, 0x04b4f738, 0x04c60000)
  from space 512K,   1% used [0x04ce0000, 0x04ce14d0, 0x04d60000)
  to   space 512K,   0% used [0x04c60000, 0x04c60000, 0x04ce0000)
 tenured generation   total 10972K, used 8956K [0x09d50000, 0x0a807000, 0x14800000)
   the space 10972K,  81% used [0x09d50000, 0x0a60f338, 0x0a60f400, 0x0a807000)
 Metaspace       used 1013K, capacity 2823K, committed 2880K, reserved 4480K
Event: 10.327 GC heap after
Heap after GC invocations=32 (full 6):
 def new generation   total 4992K, used 2K [0x04800000, 0x04d60000, 0x09d50000)
  eden space 4480K,   0% used [0x04800000, 0x04800000, 0x04c60000)
  from space 512K,   0% used [0x04c60000, 0x04c60b20, 0x04ce0000)
  to   space 512K,   0% used [0x04ce0000, 0x04ce0000, 0x04d60000)
 tenured generation   total 10972K, used 9856K [0x09d50000, 0x0a807000, 0x14800000)
   the space 10972K,  89% used [0x09d50000, 0x0a6f0348, 0x0a6f0400, 0x0a807000)
 Metaspace       used 1013K, capacity 2823K, committed 2880K, reserved 4480K
}
Event: 10.408 GC heap before
{Heap before GC invocations=32 (full 6):
 def new generation   total 4992K, used 3694K [0x04800000, 0x04d60000, 0x09d50000)
  eden space 4480K,  82% used [0x04800000, 0x04b9afa0, 0x04c60000)
  from space 512K,   0% used [0x04c60000, 0x04c60b20, 0x04ce0000)
  to   space 512K,   0% used [0x04ce0000, 0x04ce0000, 0x04d60000)
 tenured generation   total 10972K, used 9856K [0x09d50000, 0x0a807000, 0x14800000)
   the space 10972K,  89% used [0x09d50000, 0x0a6f0348, 0x0a6f0400, 0x0a807000)
 Metaspace       used 1013K, capacity 2823K, committed 2880K, reserved 4480K
Event: 10.409 GC heap after
Heap after GC invocations=33 (full 6):
 def new generation   total 4992K, used 4K [0x04800000, 0x04d60000, 0x09d50000)
  eden space 4480K,   0% used [0x04800000, 0x04800000, 0x04c60000)
  from space 512K,   0% used [0x04ce0000, 0x04ce1078, 0x04d60000)
  to   space 512K,   0% used [0x04c60000, 0x04c60000, 0x04ce0000)
 tenured generation   total 10972K, used 9856K [0x09d50000, 0x0a807000, 0x14800000)
   the space 10972K,  89% used [0x09d50000, 0x0a6f0348, 0x0a6f0400, 0x0a807000)
 Metaspace       used 1013K, capacity 2823K, committed 2880K, reserved 4480K
}
Event: 10.438 GC heap before
{Heap before GC invocations=33 (full 6):
 def new generation   total 4992K, used 3391K [0x04800000, 0x04d60000, 0x09d50000)
  eden space 4480K,  75% used [0x04800000, 0x04b4ee48, 0x04c60000)
  from space 512K,   0% used [0x04ce0000, 0x04ce1078, 0x04d60000)
  to   space 512K,   0% used [0x04c60000, 0x04c60000, 0x04ce0000)
 tenured generation   total 10972K, used 9856K [0x09d50000, 0x0a807000, 0x14800000)
   the space 10972K,  89% used [0x09d50000, 0x0a6f0348, 0x0a6f0400, 0x0a807000)
 Metaspace       used 1013K, capacity 2823K, committed 2880K, reserved 4480K
Event: 10.449 GC heap after
Heap after GC invocations=34 (full 7):
 def new generation   total 4992K, used 0K [0x04800000, 0x04d60000, 0x09d50000)
  eden space 4480K,   0% used [0x04800000, 0x04800000, 0x04c60000)
  from space 512K,   0% used [0x04c60000, 0x04c60000, 0x04ce0000)
  to   space 512K,   0% used [0x04ce0000, 0x04ce0000, 0x04d60000)
 tenured generation   total 10972K, used 6556K [0x09d50000, 0x0a807000, 0x14800000)
   the space 10972K,  59% used [0x09d50000, 0x0a3b7218, 0x0a3b7400, 0x0a807000)
 Metaspace       used 1013K, capacity 2823K, committed 2880K, reserved 4480K
}
Event: 10.510 GC heap before
{Heap before GC invocations=34 (full 7):
 def new generation   total 4992K, used 3395K [0x04800000, 0x04d60000, 0x09d50000)
  eden space 4480K,  75% used [0x04800000, 0x04b50c30, 0x04c60000)
  from space 512K,   0% used [0x04c60000, 0x04c60000, 0x04ce0000)
  to   space 512K,   0% used [0x04ce0000, 0x04ce0000, 0x04d60000)
 tenured generation   total 10972K, used 6556K [0x09d50000, 0x0a807000, 0x14800000)
   the space 10972K,  59% used [0x09d50000, 0x0a3b7218, 0x0a3b7400, 0x0a807000)
 Metaspace       used 1013K, capacity 2823K, committed 2880K, reserved 4480K
Event: 10.511 GC heap after
Heap after GC invocations=35 (full 7):
 def new generation   total 4992K, used 5K [0x04800000, 0x04d60000, 0x09d50000)
  eden space 4480K,   0% used [0x04800000, 0x04800000, 0x04c60000)
  from space 512K,   1% used [0x04ce0000, 0x04ce1570, 0x04d60000)
  to   space 512K,   0% used [0x04c60000, 0x04c60000, 0x04ce0000)
 tenured generation   total 10972K, used 8956K [0x09d50000, 0x0a807000, 0x14800000)
   the space 10972K,  81% used [0x09d50000, 0x0a60f238, 0x0a60f400, 0x0a807000)
 Metaspace       used 1013K, capacity 2823K, committed 2880K, reserved 4480K
}

