# JRE version: Java(TM) SE Runtime Environment (8.0_60-b27) (build 1.8.0_60-b27)
# Java VM: Java HotSpot(TM) Client VM (25.60-b23 mixed mode windows-x86 )
Heap:
 def new generation   total 4928K, used 1689K [0x04a00000, 0x04f50000, 0x09f50000)
  eden space 4416K,  26% used [0x04a00000, 0x04b26758, 0x04e50000)
  from space 512K, 100% used [0x04ed0000, 0x04f50000, 0x04f50000)
  to   space 512K,   0% used [0x04e50000, 0x04e50000, 0x04ed0000)
 tenured generation   total 10944K, used 9104K [0x09f50000, 0x0aa00000, 0x14a00000)
   the space 10944K,  83% used [0x09f50000, 0x0a834108, 0x0a834200, 0x0aa00000)
 Metaspace       used 9054K, capacity 9233K, committed 9344K, reserved 9600K
GC Heap History (10 events):
Event: 15.797 GC heap before
{Heap before GC invocations=2 (full 0):
 def new generation   total 4928K, used 4619K [0x04a00000, 0x04f50000, 0x09f50000)
  eden space 4416K,  99% used [0x04a00000, 0x04e48f18, 0x04e50000)
  from space 512K,  45% used [0x04e50000, 0x04e89f98, 0x04ed0000)
  to   space 512K,   0% used [0x04ed0000, 0x04ed0000, 0x04f50000)
 tenured generation   total 10944K, used 3780K [0x09f50000, 0x0aa00000, 0x14a00000)
   the space 10944K,  34% used [0x09f50000, 0x0a3010f8, 0x0a301200, 0x0aa00000)
 Metaspace       used 7702K, capacity 7887K, committed 7936K, reserved 8576K
Event: 15.802 GC heap after
Heap after GC invocations=3 (full 0):
 def new generation   total 4928K, used 512K [0x04a00000, 0x04f50000, 0x09f50000)
  eden space 4416K,   0% used [0x04a00000, 0x04a00000, 0x04e50000)
  from space 512K, 100% used [0x04ed0000, 0x04f50000, 0x04f50000)
  to   space 512K,   0% used [0x04e50000, 0x04e50000, 0x04ed0000)
 tenured generation   total 10944K, used 5399K [0x09f50000, 0x0aa00000, 0x14a00000)
   the space 10944K,  49% used [0x09f50000, 0x0a495dc0, 0x0a495e00, 0x0aa00000)
 Metaspace       used 7702K, capacity 7887K, committed 7936K, reserved 8576K
}
Event: 16.297 GC heap before
{Heap before GC invocations=3 (full 0):
 def new generation   total 4928K, used 4928K [0x04a00000, 0x04f50000, 0x09f50000)
  eden space 4416K, 100% used [0x04a00000, 0x04e50000, 0x04e50000)
  from space 512K, 100% used [0x04ed0000, 0x04f50000, 0x04f50000)
  to   space 512K,   0% used [0x04e50000, 0x04e50000, 0x04ed0000)
 tenured generation   total 10944K, used 5399K [0x09f50000, 0x0aa00000, 0x14a00000)
   the space 10944K,  49% used [0x09f50000, 0x0a495dc0, 0x0a495e00, 0x0aa00000)
 Metaspace       used 8949K, capacity 9135K, committed 9216K, reserved 9600K
Event: 16.300 GC heap after
Heap after GC invocations=4 (full 0):
 def new generation   total 4928K, used 512K [0x04a00000, 0x04f50000, 0x09f50000)
  eden space 4416K,   0% used [0x04a00000, 0x04a00000, 0x04e50000)
  from space 512K, 100% used [0x04e50000, 0x04ed0000, 0x04ed0000)
  to   space 512K,   0% used [0x04ed0000, 0x04ed0000, 0x04f50000)
 tenured generation   total 10944K, used 6316K [0x09f50000, 0x0aa00000, 0x14a00000)
   the space 10944K,  57% used [0x09f50000, 0x0a57b1a0, 0x0a57b200, 0x0aa00000)
 Metaspace       used 8949K, capacity 9135K, committed 9216K, reserved 9600K
}
Event: 49.488 GC heap before
{Heap before GC invocations=4 (full 0):
 def new generation   total 4928K, used 4928K [0x04a00000, 0x04f50000, 0x09f50000)
  eden space 4416K, 100% used [0x04a00000, 0x04e50000, 0x04e50000)
  from space 512K, 100% used [0x04e50000, 0x04ed0000, 0x04ed0000)
  to   space 512K,   0% used [0x04ed0000, 0x04ed0000, 0x04f50000)
 tenured generation   total 10944K, used 6316K [0x09f50000, 0x0aa00000, 0x14a00000)
   the space 10944K,  57% used [0x09f50000, 0x0a57b1a0, 0x0a57b200, 0x0aa00000)
 Metaspace       used 9030K, capacity 9201K, committed 9344K, reserved 9600K
Event: 49.493 GC heap after
Heap after GC invocations=5 (full 0):
 def new generation   total 4928K, used 511K [0x04a00000, 0x04f50000, 0x09f50000)
  eden space 4416K,   0% used [0x04a00000, 0x04a00000, 0x04e50000)
  from space 512K,  99% used [0x04ed0000, 0x04f4fff8, 0x04f50000)
  to   space 512K,   0% used [0x04e50000, 0x04e50000, 0x04ed0000)
 tenured generation   total 10944K, used 7155K [0x09f50000, 0x0aa00000, 0x14a00000)
   the space 10944K,  65% used [0x09f50000, 0x0a64cee0, 0x0a64d000, 0x0aa00000)
 Metaspace       used 9030K, capacity 9201K, committed 9344K, reserved 9600K
}
Event: 72.742 GC heap before
{Heap before GC invocations=5 (full 0):
 def new generation   total 4928K, used 4927K [0x04a00000, 0x04f50000, 0x09f50000)
  eden space 4416K, 100% used [0x04a00000, 0x04e50000, 0x04e50000)
  from space 512K,  99% used [0x04ed0000, 0x04f4fff8, 0x04f50000)
  to   space 512K,   0% used [0x04e50000, 0x04e50000, 0x04ed0000)
 tenured generation   total 10944K, used 7155K [0x09f50000, 0x0aa00000, 0x14a00000)
   the space 10944K,  65% used [0x09f50000, 0x0a64cee0, 0x0a64d000, 0x0aa00000)
 Metaspace       used 9030K, capacity 9201K, committed 9344K, reserved 9600K
Event: 72.747 GC heap after
Heap after GC invocations=6 (full 0):
 def new generation   total 4928K, used 512K [0x04a00000, 0x04f50000, 0x09f50000)
  eden space 4416K,   0% used [0x04a00000, 0x04a00000, 0x04e50000)
  from space 512K, 100% used [0x04e50000, 0x04ed0000, 0x04ed0000)
  to   space 512K,   0% used [0x04ed0000, 0x04ed0000, 0x04f50000)
 tenured generation   total 10944K, used 7986K [0x09f50000, 0x0aa00000, 0x14a00000)
   the space 10944K,  72% used [0x09f50000, 0x0a71c8a8, 0x0a71ca00, 0x0aa00000)
 Metaspace       used 9030K, capacity 9201K, committed 9344K, reserved 9600K
}
Event: 348.372 GC heap before
{Heap before GC invocations=6 (full 0):
 def new generation   total 4928K, used 4920K [0x04a00000, 0x04f50000, 0x09f50000)
  eden space 4416K,  99% used [0x04a00000, 0x04e4e000, 0x04e50000)
  from space 512K, 100% used [0x04e50000, 0x04ed0000, 0x04ed0000)
  to   space 512K,   0% used [0x04ed0000, 0x04ed0000, 0x04f50000)
 tenured generation   total 10944K, used 7986K [0x09f50000, 0x0aa00000, 0x14a00000)
   the space 10944K,  72% used [0x09f50000, 0x0a71c8a8, 0x0a71ca00, 0x0aa00000)
 Metaspace       used 9033K, capacity 9201K, committed 9344K, reserved 9600K
Event: 348.380 GC heap after
Heap after GC invocations=7 (full 0):
 def new generation   total 4928K, used 512K [0x04a00000, 0x04f50000, 0x09f50000)
  eden space 4416K,   0% used [0x04a00000, 0x04a00000, 0x04e50000)
  from space 512K, 100% used [0x04ed0000, 0x04f50000, 0x04f50000)
  to   space 512K,   0% used [0x04e50000, 0x04e50000, 0x04ed0000)
 tenured generation   total 10944K, used 9104K [0x09f50000, 0x0aa00000, 0x14a00000)
   the space 10944K,  83% used [0x09f50000, 0x0a834108, 0x0a834200, 0x0aa00000)
 Metaspace       used 9033K, capacity 9201K, committed 9344K, reserved 9600K
}

