# JRE version: Java(TM) SE Runtime Environment (8.0_60-b27) (build 1.8.0_60-b27)
# Java VM: Java HotSpot(TM) Client VM (25.60-b23 mixed mode, sharing windows-x86 )
Heap:
 def new generation   total 4992K, used 1487K [0x04800000, 0x04d60000, 0x09d50000)
  eden space 4480K,  33% used [0x04800000, 0x04973e98, 0x04c60000)
  from space 512K,   0% used [0x04c60000, 0x04c60000, 0x04ce0000)
  to   space 512K,   0% used [0x04ce0000, 0x04ce0000, 0x04d60000)
 tenured generation   total 10976K, used 6555K [0x09d50000, 0x0a808000, 0x14800000)
   the space 10976K,  59% used [0x09d50000, 0x0a3b6fd0, 0x0a3b7000, 0x0a808000)
 Metaspace       used 1035K, capacity 2855K, committed 2880K, reserved 4480K
GC Heap History (10 events):
Event: 8.479 GC heap before
{Heap before GC invocations=25 (full 4):
 def new generation   total 4992K, used 3391K [0x04800000, 0x04d60000, 0x09d50000)
  eden space 4480K,  75% used [0x04800000, 0x04b4ee60, 0x04c60000)
  from space 512K,   0% used [0x04ce0000, 0x04ce0eb0, 0x04d60000)
  to   space 512K,   0% used [0x04c60000, 0x04c60000, 0x04ce0000)
 tenured generation   total 10976K, used 9856K [0x09d50000, 0x0a808000, 0x14800000)
   the space 10976K,  89% used [0x09d50000, 0x0a6f0000, 0x0a6f0000, 0x0a808000)
 Metaspace       used 1013K, capacity 2823K, committed 2880K, reserved 4480K
Event: 8.486 GC heap after
Heap after GC invocations=26 (full 5):
 def new generation   total 4992K, used 0K [0x04800000, 0x04d60000, 0x09d50000)
  eden space 4480K,   0% used [0x04800000, 0x04800000, 0x04c60000)
  from space 512K,   0% used [0x04c60000, 0x04c60000, 0x04ce0000)
  to   space 512K,   0% used [0x04ce0000, 0x04ce0000, 0x04d60000)
 tenured generation   total 10976K, used 6555K [0x09d50000, 0x0a808000, 0x14800000)
   the space 10976K,  59% used [0x09d50000, 0x0a3b6f00, 0x0a3b7000, 0x0a808000)
 Metaspace       used 1013K, capacity 2823K, committed 2880K, reserved 4480K
}
Event: 8.519 GC heap before
{Heap before GC invocations=26 (full 5):
 def new generation   total 4992K, used 3391K [0x04800000, 0x04d60000, 0x09d50000)
  eden space 4480K,  75% used [0x04800000, 0x04b4ff90, 0x04c60000)
  from space 512K,   0% used [0x04c60000, 0x04c60000, 0x04ce0000)
  to   space 512K,   0% used [0x04ce0000, 0x04ce0000, 0x04d60000)
 tenured generation   total 10976K, used 6555K [0x09d50000, 0x0a808000, 0x14800000)
   the space 10976K,  59% used [0x09d50000, 0x0a3b6f00, 0x0a3b7000, 0x0a808000)
 Metaspace       used 1013K, capacity 2823K, committed 2880K, reserved 4480K
Event: 8.520 GC heap after
Heap after GC invocations=27 (full 5):
 def new generation   total 4992K, used 5K [0x04800000, 0x04d60000, 0x09d50000)
  eden space 4480K,   0% used [0x04800000, 0x04800000, 0x04c60000)
  from space 512K,   1% used [0x04ce0000, 0x04ce1528, 0x04d60000)
  to   space 512K,   0% used [0x04c60000, 0x04c60000, 0x04ce0000)
 tenured generation   total 10976K, used 8955K [0x09d50000, 0x0a808000, 0x14800000)
   the space 10976K,  81% used [0x09d50000, 0x0a60ef20, 0x0a60f000, 0x0a808000)
 Metaspace       used 1013K, capacity 2823K, committed 2880K, reserved 4480K
}
Event: 8.542 GC heap before
{Heap before GC invocations=27 (full 5):
 def new generation   total 4992K, used 3395K [0x04800000, 0x04d60000, 0x09d50000)
  eden space 4480K,  75% used [0x04800000, 0x04b4f6e0, 0x04c60000)
  from space 512K,   1% used [0x04ce0000, 0x04ce1528, 0x04d60000)
  to   space 512K,   0% used [0x04c60000, 0x04c60000, 0x04ce0000)
 tenured generation   total 10976K, used 8955K [0x09d50000, 0x0a808000, 0x14800000)
   the space 10976K,  81% used [0x09d50000, 0x0a60ef20, 0x0a60f000, 0x0a808000)
 Metaspace       used 1013K, capacity 2823K, committed 2880K, reserved 4480K
Event: 8.542 GC heap after
Heap after GC invocations=28 (full 5):
 def new generation   total 4992K, used 2K [0x04800000, 0x04d60000, 0x09d50000)
  eden space 4480K,   0% used [0x04800000, 0x04800000, 0x04c60000)
  from space 512K,   0% used [0x04c60000, 0x04c60b48, 0x04ce0000)
  to   space 512K,   0% used [0x04ce0000, 0x04ce0000, 0x04d60000)
 tenured generation   total 10976K, used 9855K [0x09d50000, 0x0a808000, 0x14800000)
   the space 10976K,  89% used [0x09d50000, 0x0a6eff30, 0x0a6f0000, 0x0a808000)
 Metaspace       used 1013K, capacity 2823K, committed 2880K, reserved 4480K
}
Event: 8.582 GC heap before
{Heap before GC invocations=28 (full 5):
 def new generation   total 4992K, used 3692K [0x04800000, 0x04d60000, 0x09d50000)
  eden space 4480K,  82% used [0x04800000, 0x04b9a708, 0x04c60000)
  from space 512K,   0% used [0x04c60000, 0x04c60b48, 0x04ce0000)
  to   space 512K,   0% used [0x04ce0000, 0x04ce0000, 0x04d60000)
 tenured generation   total 10976K, used 9855K [0x09d50000, 0x0a808000, 0x14800000)
   the space 10976K,  89% used [0x09d50000, 0x0a6eff30, 0x0a6f0000, 0x0a808000)
 Metaspace       used 1013K, capacity 2823K, committed 2880K, reserved 4480K
Event: 8.583 GC heap after
Heap after GC invocations=29 (full 5):
 def new generation   total 4992K, used 3K [0x04800000, 0x04d60000, 0x09d50000)
  eden space 4480K,   0% used [0x04800000, 0x04800000, 0x04c60000)
  from space 512K,   0% used [0x04ce0000, 0x04ce0f80, 0x04d60000)
  to   space 512K,   0% used [0x04c60000, 0x04c60000, 0x04ce0000)
 tenured generation   total 10976K, used 9855K [0x09d50000, 0x0a808000, 0x14800000)
   the space 10976K,  89% used [0x09d50000, 0x0a6eff30, 0x0a6f0000, 0x0a808000)
 Metaspace       used 1013K, capacity 2823K, committed 2880K, reserved 4480K
}
Event: 8.601 GC heap before
{Heap before GC invocations=29 (full 5):
 def new generation   total 4992K, used 3391K [0x04800000, 0x04d60000, 0x09d50000)
  eden space 4480K,  75% used [0x04800000, 0x04b4ee90, 0x04c60000)
  from space 512K,   0% used [0x04ce0000, 0x04ce0f80, 0x04d60000)
  to   space 512K,   0% used [0x04c60000, 0x04c60000, 0x04ce0000)
 tenured generation   total 10976K, used 9855K [0x09d50000, 0x0a808000, 0x14800000)
   the space 10976K,  89% used [0x09d50000, 0x0a6eff30, 0x0a6f0000, 0x0a808000)
 Metaspace       used 1013K, capacity 2823K, committed 2880K, reserved 4480K
Event: 8.608 GC heap after
Heap after GC invocations=30 (full 6):
 def new generation   total 4992K, used 0K [0x04800000, 0x04d60000, 0x09d50000)
  eden space 4480K,   0% used [0x04800000, 0x04800000, 0x04c60000)
  from space 512K,   0% used [0x04c60000, 0x04c60000, 0x04ce0000)
  to   space 512K,   0% used [0x04ce0000, 0x04ce0000, 0x04d60000)
 tenured generation   total 10976K, used 6555K [0x09d50000, 0x0a808000, 0x14800000)
   the space 10976K,  59% used [0x09d50000, 0x0a3b6fd0, 0x0a3b7000, 0x0a808000)
 Metaspace       used 1013K, capacity 2823K, committed 2880K, reserved 4480K
}

