# JRE version: Java(TM) SE Runtime Environment (8.0_60-b27) (build 1.8.0_60-b27)
# Java VM: Java HotSpot(TM) Client VM (25.60-b23 mixed mode, sharing windows-x86 )
Heap:
 def new generation   total 4992K, used 2682K [0x04600000, 0x04b60000, 0x09b50000)
  eden space 4480K,  59% used [0x04600000, 0x0489d620, 0x04a60000)
  from space 512K,   0% used [0x04ae0000, 0x04ae13f8, 0x04b60000)
  to   space 512K,   0% used [0x04a60000, 0x04a60000, 0x04ae0000)
 tenured generation   total 10948K, used 8940K [0x09b50000, 0x0a601000, 0x14600000)
   the space 10948K,  81% used [0x09b50000, 0x0a40b208, 0x0a40b400, 0x0a601000)
 Metaspace       used 1029K, capacity 2855K, committed 2880K, reserved 4480K
GC Heap History (10 events):
Event: 8.213 GC heap before
{Heap before GC invocations=42 (full 9):
 def new generation   total 4992K, used 3389K [0x04600000, 0x04b60000, 0x09b50000)
  eden space 4480K,  75% used [0x04600000, 0x0494f708, 0x04a60000)
  from space 512K,   0% used [0x04a60000, 0x04a60000, 0x04ae0000)
  to   space 512K,   0% used [0x04ae0000, 0x04ae0000, 0x04b60000)
 tenured generation   total 10948K, used 6540K [0x09b50000, 0x0a601000, 0x14600000)
   the space 10948K,  59% used [0x09b50000, 0x0a1b3018, 0x0a1b3200, 0x0a601000)
 Metaspace       used 1007K, capacity 2823K, committed 2880K, reserved 4480K
Event: 8.214 GC heap after
Heap after GC invocations=43 (full 9):
 def new generation   total 4992K, used 4K [0x04600000, 0x04b60000, 0x09b50000)
  eden space 4480K,   0% used [0x04600000, 0x04600000, 0x04a60000)
  from space 512K,   0% used [0x04ae0000, 0x04ae13f8, 0x04b60000)
  to   space 512K,   0% used [0x04a60000, 0x04a60000, 0x04ae0000)
 tenured generation   total 10948K, used 8940K [0x09b50000, 0x0a601000, 0x14600000)
   the space 10948K,  81% used [0x09b50000, 0x0a40b038, 0x0a40b200, 0x0a601000)
 Metaspace       used 1007K, capacity 2823K, committed 2880K, reserved 4480K
}
Event: 8.237 GC heap before
{Heap before GC invocations=43 (full 9):
 def new generation   total 4992K, used 3396K [0x04600000, 0x04b60000, 0x09b50000)
  eden space 4480K,  75% used [0x04600000, 0x0494ff60, 0x04a60000)
  from space 512K,   0% used [0x04ae0000, 0x04ae13f8, 0x04b60000)
  to   space 512K,   0% used [0x04a60000, 0x04a60000, 0x04ae0000)
 tenured generation   total 10948K, used 8940K [0x09b50000, 0x0a601000, 0x14600000)
   the space 10948K,  81% used [0x09b50000, 0x0a40b038, 0x0a40b200, 0x0a601000)
 Metaspace       used 1008K, capacity 2823K, committed 2880K, reserved 4480K
Event: 8.237 GC heap after
Heap after GC invocations=44 (full 9):
 def new generation   total 4992K, used 2K [0x04600000, 0x04b60000, 0x09b50000)
  eden space 4480K,   0% used [0x04600000, 0x04600000, 0x04a60000)
  from space 512K,   0% used [0x04a60000, 0x04a60b48, 0x04ae0000)
  to   space 512K,   0% used [0x04ae0000, 0x04ae0000, 0x04b60000)
 tenured generation   total 10948K, used 9840K [0x09b50000, 0x0a601000, 0x14600000)
   the space 10948K,  89% used [0x09b50000, 0x0a4ec048, 0x0a4ec200, 0x0a601000)
 Metaspace       used 1008K, capacity 2823K, committed 2880K, reserved 4480K
}
Event: 8.278 GC heap before
{Heap before GC invocations=44 (full 9):
 def new generation   total 4992K, used 3692K [0x04600000, 0x04b60000, 0x09b50000)
  eden space 4480K,  82% used [0x04600000, 0x0499a6b8, 0x04a60000)
  from space 512K,   0% used [0x04a60000, 0x04a60b48, 0x04ae0000)
  to   space 512K,   0% used [0x04ae0000, 0x04ae0000, 0x04b60000)
 tenured generation   total 10948K, used 9840K [0x09b50000, 0x0a601000, 0x14600000)
   the space 10948K,  89% used [0x09b50000, 0x0a4ec048, 0x0a4ec200, 0x0a601000)
 Metaspace       used 1008K, capacity 2823K, committed 2880K, reserved 4480K
Event: 8.279 GC heap after
Heap after GC invocations=45 (full 9):
 def new generation   total 4992K, used 3K [0x04600000, 0x04b60000, 0x09b50000)
  eden space 4480K,   0% used [0x04600000, 0x04600000, 0x04a60000)
  from space 512K,   0% used [0x04ae0000, 0x04ae0f80, 0x04b60000)
  to   space 512K,   0% used [0x04a60000, 0x04a60000, 0x04ae0000)
 tenured generation   total 10948K, used 9840K [0x09b50000, 0x0a601000, 0x14600000)
   the space 10948K,  89% used [0x09b50000, 0x0a4ec048, 0x0a4ec200, 0x0a601000)
 Metaspace       used 1008K, capacity 2823K, committed 2880K, reserved 4480K
}
Event: 8.296 GC heap before
{Heap before GC invocations=45 (full 9):
 def new generation   total 4992K, used 3391K [0x04600000, 0x04b60000, 0x09b50000)
  eden space 4480K,  75% used [0x04600000, 0x0494eea0, 0x04a60000)
  from space 512K,   0% used [0x04ae0000, 0x04ae0f80, 0x04b60000)
  to   space 512K,   0% used [0x04a60000, 0x04a60000, 0x04ae0000)
 tenured generation   total 10948K, used 9840K [0x09b50000, 0x0a601000, 0x14600000)
   the space 10948K,  89% used [0x09b50000, 0x0a4ec048, 0x0a4ec200, 0x0a601000)
 Metaspace       used 1008K, capacity 2823K, committed 2880K, reserved 4480K
Event: 8.303 GC heap after
Heap after GC invocations=46 (full 10):
 def new generation   total 4992K, used 0K [0x04600000, 0x04b60000, 0x09b50000)
  eden space 4480K,   0% used [0x04600000, 0x04600000, 0x04a60000)
  from space 512K,   0% used [0x04a60000, 0x04a60000, 0x04ae0000)
  to   space 512K,   0% used [0x04ae0000, 0x04ae0000, 0x04b60000)
 tenured generation   total 10948K, used 6540K [0x09b50000, 0x0a601000, 0x14600000)
   the space 10948K,  59% used [0x09b50000, 0x0a1b31e8, 0x0a1b3200, 0x0a601000)
 Metaspace       used 1008K, capacity 2823K, committed 2880K, reserved 4480K
}
Event: 8.333 GC heap before
{Heap before GC invocations=46 (full 10):
 def new generation   total 4992K, used 3389K [0x04600000, 0x04b60000, 0x09b50000)
  eden space 4480K,  75% used [0x04600000, 0x0494f738, 0x04a60000)
  from space 512K,   0% used [0x04a60000, 0x04a60000, 0x04ae0000)
  to   space 512K,   0% used [0x04ae0000, 0x04ae0000, 0x04b60000)
 tenured generation   total 10948K, used 6540K [0x09b50000, 0x0a601000, 0x14600000)
   the space 10948K,  59% used [0x09b50000, 0x0a1b31e8, 0x0a1b3200, 0x0a601000)
 Metaspace       used 1008K, capacity 2823K, committed 2880K, reserved 4480K
Event: 8.335 GC heap after
Heap after GC invocations=47 (full 10):
 def new generation   total 4992K, used 4K [0x04600000, 0x04b60000, 0x09b50000)
  eden space 4480K,   0% used [0x04600000, 0x04600000, 0x04a60000)
  from space 512K,   0% used [0x04ae0000, 0x04ae13f8, 0x04b60000)
  to   space 512K,   0% used [0x04a60000, 0x04a60000, 0x04ae0000)
 tenured generation   total 10948K, used 8940K [0x09b50000, 0x0a601000, 0x14600000)
   the space 10948K,  81% used [0x09b50000, 0x0a40b208, 0x0a40b400, 0x0a601000)
 Metaspace       used 1008K, capacity 2823K, committed 2880K, reserved 4480K
}

