# JRE version: Java(TM) SE Runtime Environment (8.0_60-b27) (build 1.8.0_60-b27)
# Java VM: Java HotSpot(TM) Client VM (25.60-b23 mixed mode, sharing windows-x86 )
Heap:
 def new generation   total 4992K, used 1475K [0x04800000, 0x04d60000, 0x09d50000)
  eden space 4480K,  32% used [0x04800000, 0x04970da0, 0x04c60000)
  from space 512K,   0% used [0x04c60000, 0x04c60000, 0x04ce0000)
  to   space 512K,   0% used [0x04ce0000, 0x04ce0000, 0x04d60000)
 tenured generation   total 10972K, used 6401K [0x09d50000, 0x0a807000, 0x14800000)
   the space 10972K,  58% used [0x09d50000, 0x0a390760, 0x0a390800, 0x0a807000)
 Metaspace       used 1029K, capacity 2840K, committed 2880K, reserved 4480K
GC Heap History (10 events):
Event: 14.276 GC heap before
{Heap before GC invocations=169 (full 40):
 def new generation   total 4992K, used 3391K [0x04800000, 0x04d60000, 0x09d50000)
  eden space 4480K,  75% used [0x04800000, 0x04b4ee60, 0x04c60000)
  from space 512K,   0% used [0x04ce0000, 0x04ce0ec8, 0x04d60000)
  to   space 512K,   0% used [0x04c60000, 0x04c60000, 0x04ce0000)
 tenured generation   total 10972K, used 9700K [0x09d50000, 0x0a807000, 0x14800000)
   the space 10972K,  88% used [0x09d50000, 0x0a6c9398, 0x0a6c9400, 0x0a807000)
 Metaspace       used 1006K, capacity 2808K, committed 2880K, reserved 4480K
Event: 14.284 GC heap after
Heap after GC invocations=170 (full 41):
 def new generation   total 4992K, used 0K [0x04800000, 0x04d60000, 0x09d50000)
  eden space 4480K,   0% used [0x04800000, 0x04800000, 0x04c60000)
  from space 512K,   0% used [0x04c60000, 0x04c60000, 0x04ce0000)
  to   space 512K,   0% used [0x04ce0000, 0x04ce0000, 0x04d60000)
 tenured generation   total 10972K, used 6401K [0x09d50000, 0x0a807000, 0x14800000)
   the space 10972K,  58% used [0x09d50000, 0x0a3904f0, 0x0a390600, 0x0a807000)
 Metaspace       used 1006K, capacity 2808K, committed 2880K, reserved 4480K
}
Event: 14.370 GC heap before
{Heap before GC invocations=170 (full 41):
 def new generation   total 4992K, used 3389K [0x04800000, 0x04d60000, 0x09d50000)
  eden space 4480K,  75% used [0x04800000, 0x04b4f770, 0x04c60000)
  from space 512K,   0% used [0x04c60000, 0x04c60000, 0x04ce0000)
  to   space 512K,   0% used [0x04ce0000, 0x04ce0000, 0x04d60000)
 tenured generation   total 10972K, used 6401K [0x09d50000, 0x0a807000, 0x14800000)
   the space 10972K,  58% used [0x09d50000, 0x0a3904f0, 0x0a390600, 0x0a807000)
 Metaspace       used 1006K, capacity 2808K, committed 2880K, reserved 4480K
Event: 14.372 GC heap after
Heap after GC invocations=171 (full 41):
 def new generation   total 4992K, used 5K [0x04800000, 0x04d60000, 0x09d50000)
  eden space 4480K,   0% used [0x04800000, 0x04800000, 0x04c60000)
  from space 512K,   0% used [0x04ce0000, 0x04ce1418, 0x04d60000)
  to   space 512K,   0% used [0x04c60000, 0x04c60000, 0x04ce0000)
 tenured generation   total 10972K, used 8801K [0x09d50000, 0x0a807000, 0x14800000)
   the space 10972K,  80% used [0x09d50000, 0x0a5e8510, 0x0a5e8600, 0x0a807000)
 Metaspace       used 1006K, capacity 2808K, committed 2880K, reserved 4480K
}
Event: 14.418 GC heap before
{Heap before GC invocations=171 (full 41):
 def new generation   total 4992K, used 3396K [0x04800000, 0x04d60000, 0x09d50000)
  eden space 4480K,  75% used [0x04800000, 0x04b4ffc8, 0x04c60000)
  from space 512K,   0% used [0x04ce0000, 0x04ce1418, 0x04d60000)
  to   space 512K,   0% used [0x04c60000, 0x04c60000, 0x04ce0000)
 tenured generation   total 10972K, used 8801K [0x09d50000, 0x0a807000, 0x14800000)
   the space 10972K,  80% used [0x09d50000, 0x0a5e8510, 0x0a5e8600, 0x0a807000)
 Metaspace       used 1007K, capacity 2808K, committed 2880K, reserved 4480K
Event: 14.418 GC heap after
Heap after GC invocations=172 (full 41):
 def new generation   total 4992K, used 2K [0x04800000, 0x04d60000, 0x09d50000)
  eden space 4480K,   0% used [0x04800000, 0x04800000, 0x04c60000)
  from space 512K,   0% used [0x04c60000, 0x04c60b48, 0x04ce0000)
  to   space 512K,   0% used [0x04ce0000, 0x04ce0000, 0x04d60000)
 tenured generation   total 10972K, used 9701K [0x09d50000, 0x0a807000, 0x14800000)
   the space 10972K,  88% used [0x09d50000, 0x0a6c9520, 0x0a6c9600, 0x0a807000)
 Metaspace       used 1007K, capacity 2808K, committed 2880K, reserved 4480K
}
Event: 14.500 GC heap before
{Heap before GC invocations=172 (full 41):
 def new generation   total 4992K, used 3694K [0x04800000, 0x04d60000, 0x09d50000)
  eden space 4480K,  82% used [0x04800000, 0x04b9af70, 0x04c60000)
  from space 512K,   0% used [0x04c60000, 0x04c60b48, 0x04ce0000)
  to   space 512K,   0% used [0x04ce0000, 0x04ce0000, 0x04d60000)
 tenured generation   total 10972K, used 9701K [0x09d50000, 0x0a807000, 0x14800000)
   the space 10972K,  88% used [0x09d50000, 0x0a6c9520, 0x0a6c9600, 0x0a807000)
 Metaspace       used 1007K, capacity 2808K, committed 2880K, reserved 4480K
Event: 14.501 GC heap after
Heap after GC invocations=173 (full 41):
 def new generation   total 4992K, used 4K [0x04800000, 0x04d60000, 0x09d50000)
  eden space 4480K,   0% used [0x04800000, 0x04800000, 0x04c60000)
  from space 512K,   0% used [0x04ce0000, 0x04ce1120, 0x04d60000)
  to   space 512K,   0% used [0x04c60000, 0x04c60000, 0x04ce0000)
 tenured generation   total 10972K, used 9701K [0x09d50000, 0x0a807000, 0x14800000)
   the space 10972K,  88% used [0x09d50000, 0x0a6c9520, 0x0a6c9600, 0x0a807000)
 Metaspace       used 1007K, capacity 2808K, committed 2880K, reserved 4480K
}
Event: 14.538 GC heap before
{Heap before GC invocations=173 (full 41):
 def new generation   total 4992K, used 3392K [0x04800000, 0x04d60000, 0x09d50000)
  eden space 4480K,  75% used [0x04800000, 0x04b4eee8, 0x04c60000)
  from space 512K,   0% used [0x04ce0000, 0x04ce1120, 0x04d60000)
  to   space 512K,   0% used [0x04c60000, 0x04c60000, 0x04ce0000)
 tenured generation   total 10972K, used 9701K [0x09d50000, 0x0a807000, 0x14800000)
   the space 10972K,  88% used [0x09d50000, 0x0a6c9520, 0x0a6c9600, 0x0a807000)
 Metaspace       used 1007K, capacity 2808K, committed 2880K, reserved 4480K
Event: 14.551 GC heap after
Heap after GC invocations=174 (full 42):
 def new generation   total 4992K, used 0K [0x04800000, 0x04d60000, 0x09d50000)
  eden space 4480K,   0% used [0x04800000, 0x04800000, 0x04c60000)
  from space 512K,   0% used [0x04c60000, 0x04c60000, 0x04ce0000)
  to   space 512K,   0% used [0x04ce0000, 0x04ce0000, 0x04d60000)
 tenured generation   total 10972K, used 6401K [0x09d50000, 0x0a807000, 0x14800000)
   the space 10972K,  58% used [0x09d50000, 0x0a390760, 0x0a390800, 0x0a807000)
 Metaspace       used 1007K, capacity 2808K, committed 2880K, reserved 4480K
}

